<?xml version="1.0" encoding="UTF-8"?>
<testsuite name="edu.bsu.cs.HigherOrderFunctionsLearningTest" tests="12" skipped="0" failures="0" errors="0" timestamp="2021-05-03T20:27:52" hostname="dc-student-002.local" time="0.206">
  <properties/>
  <testcase name="testMap()" classname="edu.bsu.cs.HigherOrderFunctionsLearningTest" time="0.014"/>
  <testcase name="testCountChangesByMonth()" classname="edu.bsu.cs.HigherOrderFunctionsLearningTest" time="0.152"/>
  <testcase name="testCountChangesInFebruary()" classname="edu.bsu.cs.HigherOrderFunctionsLearningTest" time="0.008"/>
  <testcase name="testCountNonBots()" classname="edu.bsu.cs.HigherOrderFunctionsLearningTest" time="0.005"/>
  <testcase name="testReadRevisions()" classname="edu.bsu.cs.HigherOrderFunctionsLearningTest" time="0.003"/>
  <testcase name="testCollect()" classname="edu.bsu.cs.HigherOrderFunctionsLearningTest" time="0.001"/>
  <testcase name="testCountByDate()" classname="edu.bsu.cs.HigherOrderFunctionsLearningTest" time="0.003"/>
  <testcase name="testDistinct()" classname="edu.bsu.cs.HigherOrderFunctionsLearningTest" time="0.001"/>
  <testcase name="testFilter()" classname="edu.bsu.cs.HigherOrderFunctionsLearningTest" time="0.001"/>
  <testcase name="testDetermineMostActiveMonth()" classname="edu.bsu.cs.HigherOrderFunctionsLearningTest" time="0.007"/>
  <testcase name="testConcatEven()" classname="edu.bsu.cs.HigherOrderFunctionsLearningTest" time="0.002"/>
  <testcase name="testCountWhitelisted()" classname="edu.bsu.cs.HigherOrderFunctionsLearningTest" time="0.005"/>
  <system-out><![CDATA[]]></system-out>
  <system-err><![CDATA[]]></system-err>
</testsuite>
